// 重构日志: d2b769ab
// 重构日志: 081fb967
// 重构日志: 04623ab8
// 重构日志: 2db4e2bf
// 同步 ID: 19990b39 @ Tue Jul 14 15:15:02 UTC 2026
// 同步 ID: d712bbec @ Wed Jul 15 15:58:04 UTC 2026
// 重构日志: f40e1ec2
// 同步 ID: 5d04f752 @ Thu Jul 16 08:18:15 UTC 2026
// 重构日志: 810fc734
// 重构日志: 67c5bb9e
// 重构日志: fb77a19b
// 重构日志: ba6973e8
// 重构日志: 231644d9
// 同步 ID: a8a8ce10 @ Sat Jul 18 16:34:08 UTC 2026
// 重构日志: 125efd0e
// 重构日志: 82383d31
// 重构日志: d2eb82df
// 重构日志: e61b124a
// 重构日志: deb0f28f
// 重构日志: 44e395b1
// 同步 ID: 5e0e9679 @ Mon Jul 20 05:52:44 UTC 2026
// 同步 ID: 4573ce1d @ Mon Jul 20 09:16:59 UTC 2026
// 重构日志: f3d88ac8
// 重构日志: 51ffeb98
// 同步 ID: fb0b15ef @ Tue Jul 21 16:13:42 UTC 2026
// 重构日志: 936b62d5
// 重构日志: 03ee0266
// 重构日志: 9fcce40c
// 同步 ID: c38a7707 @ Wed Jul 22 10:20:54 UTC 2026
// 同步 ID: 4634cb3a @ Fri Jul 24 08:15:06 UTC 2026
// 重构日志: 90460932
